::1 - GET /fiabedalmondo-main/ HTTP/1.1 302 76 - 16.401 ms
::1 - GET /public/404.html HTTP/1.1 200 743 - 4.337 ms
::1 - GET /public/img/reading-bear.png HTTP/1.1 200 1341236 - 2.393 ms
::1 - GET /favicon.ico HTTP/1.1 302 38 - 1.846 ms
::1 - GET /public/404.html HTTP/1.1 304 - - 1.336 ms
::1 - GET / HTTP/1.1 200 4068 - 2.596 ms
::1 - GET /public/css/index.css HTTP/1.1 200 4984 - 2.581 ms
::1 - GET /favicon.ico HTTP/1.1 302 38 - 1.138 ms
::1 - GET /public/404.html HTTP/1.1 304 - - 1.453 ms
::1 - GET / HTTP/1.1 304 - - 2.070 ms
::1 - GET /public/css/index.css HTTP/1.1 304 - - 1.620 ms
::1 - GET /favicon.ico HTTP/1.1 302 38 - 0.990 ms
::1 - GET /public/404.html HTTP/1.1 304 - - 2.347 ms
::1 - GET /public/css/index.css HTTP/1.1 304 - - 1.186 ms
::1 - GET / HTTP/1.1 304 - - 1.631 ms
::1 - GET /public/css/index.css HTTP/1.1 304 - - 2.724 ms
::1 - GET /favicon.ico HTTP/1.1 302 38 - 1.040 ms
::1 - GET /public/404.html HTTP/1.1 304 - - 1.635 ms
::1 - GET / HTTP/1.1 200 4081 - 1.457 ms
::1 - GET /public/css/index.css HTTP/1.1 304 - - 1.488 ms
::1 - GET /favicon.ico HTTP/1.1 302 38 - 3.396 ms
::1 - GET /public/404.html HTTP/1.1 304 - - 1.073 ms
::1 - GET /fiabe/IT HTTP/1.1 302 76 - 0.940 ms
::1 - GET /public/404.html HTTP/1.1 304 - - 0.746 ms
::1 - GET /public/img/reading-bear.png HTTP/1.1 304 - - 1.648 ms
::1 - GET /favicon.ico HTTP/1.1 302 38 - 0.930 ms
::1 - GET /public/404.html HTTP/1.1 304 - - 0.827 ms
::1 - GET /paese/IT HTTP/1.1 200 1311 - 241.560 ms
::1 - GET /favicon.ico HTTP/1.1 302 38 - 1.668 ms
::1 - GET /public/404.html HTTP/1.1 304 - - 1.521 ms
::1 - GET /favicon.ico HTTP/1.1 302 38 - 1.033 ms
::1 - GET /public/404.html HTTP/1.1 304 - - 1.592 ms
::1 - GET / HTTP/1.1 200 4081 - 2.644 ms
::1 - GET /public/css/index.css HTTP/1.1 304 - - 0.963 ms
::1 - GET /favicon.ico HTTP/1.1 302 38 - 1.115 ms
::1 - GET /public/404.html HTTP/1.1 304 - - 1.252 ms
::1 - GET /paese/IT HTTP/1.1 304 - - 34.712 ms
::1 - GET /favicon.ico HTTP/1.1 302 38 - 0.848 ms
::1 - GET /public/404.html HTTP/1.1 304 - - 1.518 ms
::1 - GET /paese/DE HTTP/1.1 200 1673 - 26.294 ms
::1 - GET /favicon.ico HTTP/1.1 302 38 - 1.399 ms
::1 - GET /public/404.html HTTP/1.1 304 - - 0.777 ms
::1 - GET /aggiungi HTTP/1.1 401 13 - 0.730 ms
::1 - GET /favicon.ico HTTP/1.1 302 38 - 1.827 ms
::1 - GET /public/404.html HTTP/1.1 304 - - 1.349 ms
::1 - GET /favicon.ico HTTP/1.1 302 38 - 1.250 ms
::1 - GET /public/404.html HTTP/1.1 304 - - 0.727 ms
::1 - GET /favicon.ico HTTP/1.1 302 38 - 0.904 ms
::1 - GET /public/404.html HTTP/1.1 304 - - 0.834 ms
::1 - GET / HTTP/1.1 200 3904 - 1.339 ms
::1 - GET /public/css/index.css HTTP/1.1 304 - - 0.981 ms
::1 - GET /favicon.ico HTTP/1.1 302 38 - 1.068 ms
::1 - GET /public/404.html HTTP/1.1 304 - - 1.153 ms
::1 - GET /login HTTP/1.1 200 1646 - 22.551 ms
::1 - GET /favicon.ico HTTP/1.1 302 38 - 1.204 ms
::1 - GET /public/404.html HTTP/1.1 304 - - 1.009 ms
::1 - GET /register HTTP/1.1 302 76 - 0.746 ms
::1 - GET /public/404.html HTTP/1.1 304 - - 0.764 ms
::1 - GET /public/img/reading-bear.png HTTP/1.1 304 - - 1.664 ms
::1 - GET /favicon.ico HTTP/1.1 302 38 - 0.748 ms
::1 - GET /public/404.html HTTP/1.1 304 - - 1.355 ms
::1 - GET /favicon.ico HTTP/1.1 302 38 - 0.723 ms
::1 - GET /public/404.html HTTP/1.1 304 - - 1.506 ms
::1 - GET /register HTTP/1.1 302 76 - 0.669 ms
::1 - GET /public/404.html HTTP/1.1 304 - - 1.737 ms
::1 - GET /public/img/reading-bear.png HTTP/1.1 304 - - 0.990 ms
::1 - GET /favicon.ico HTTP/1.1 302 38 - 0.885 ms
::1 - GET /public/404.html HTTP/1.1 304 - - 0.816 ms
::1 - GET /favicon.ico HTTP/1.1 302 38 - 1.554 ms
::1 - GET /public/404.html HTTP/1.1 304 - - 1.292 ms
::1 - GET /register HTTP/1.1 302 76 - 0.772 ms
::1 - GET /public/404.html HTTP/1.1 304 - - 1.201 ms
::1 - GET /public/img/reading-bear.png HTTP/1.1 304 - - 1.367 ms
::1 - GET /favicon.ico HTTP/1.1 302 38 - 1.082 ms
::1 - GET /public/404.html HTTP/1.1 304 - - 0.858 ms
::1 - GET /favicon.ico HTTP/1.1 302 38 - 1.068 ms
::1 - GET /public/404.html HTTP/1.1 304 - - 1.261 ms
::1 - GET /login HTTP/1.1 200 1644 - 24.301 ms
::1 - GET /favicon.ico HTTP/1.1 302 38 - 0.698 ms
::1 - GET /public/404.html HTTP/1.1 200 743 - 1.692 ms
::1 - GET /signup HTTP/1.1 200 1825 - 22.669 ms
::1 - GET /favicon.ico HTTP/1.1 302 38 - 1.081 ms
::1 - GET /public/404.html HTTP/1.1 200 743 - 1.311 ms
::1 - POST /register HTTP/1.1 302 76 - 22.116 ms
::1 - GET /public/404.html HTTP/1.1 200 743 - 1.524 ms
::1 - GET /public/img/reading-bear.png HTTP/1.1 200 1341236 - 1.516 ms
::1 - GET /favicon.ico HTTP/1.1 302 38 - 0.710 ms
::1 - GET /public/404.html HTTP/1.1 200 743 - 1.945 ms
::1 - GET /public/img/reading-bear.png HTTP/1.1 200 1341236 - 2.092 ms
::1 - GET /signup HTTP/1.1 200 1825 - 27.163 ms
::1 - GET /favicon.ico HTTP/1.1 302 38 - 0.979 ms
::1 - GET /public/404.html HTTP/1.1 200 743 - 1.563 ms
::1 - POST /register HTTP/1.1 302 76 - 1.355 ms
::1 - GET /public/404.html HTTP/1.1 200 743 - 1.770 ms
::1 - GET /public/img/reading-bear.png HTTP/1.1 200 1341236 - 1.317 ms
::1 - GET /favicon.ico HTTP/1.1 302 38 - 0.770 ms
::1 - GET /public/404.html HTTP/1.1 200 743 - 1.357 ms
::1 - GET /signup HTTP/1.1 200 1825 - 248.278 ms
::1 - GET /favicon.ico HTTP/1.1 404 150 - 4.069 ms
::1 - GET /signup HTTP/1.1 200 1825 - 24.408 ms
::1 - POST /register HTTP/1.1 404 148 - 16.435 ms
::1 - GET /signup HTTP/1.1 200 1823 - 37.879 ms
::1 - POST /signup HTTP/1.1 200 1823 - 34.592 ms
::1 - POST /signup HTTP/1.1 302 46 - 12.762 ms
::1 - GET / HTTP/1.1 200 3904 - 4.848 ms
::1 - GET /public/css/index.css HTTP/1.1 200 4984 - 2.540 ms
::1 - GET /paese/DE HTTP/1.1 304 - - 43.104 ms
::1 - GET /aggiungi HTTP/1.1 200 10704 - 57.175 ms
::1 - POST /aggiungi-fiaba HTTP/1.1 404 154 - 1.225 ms
::1 - POST /aggiungi-fiaba HTTP/1.1 404 154 - 1.446 ms
::1 - GET /aggiungi HTTP/1.1 401 13 - 0.846 ms
::1 - GET /aggiungi HTTP/1.1 401 13 - 0.706 ms
::1 - GET /login HTTP/1.1 200 1644 - 24.740 ms
::1 - POST /login HTTP/1.1 302 62 - 6.589 ms
::1 - GET /aggiungi HTTP/1.1 200 10698 - 55.885 ms
::1 - POST /aggiungi HTTP/1.1 500 1486 - 2.523 ms
::1 - GET /aggiungi HTTP/1.1 401 13 - 8.213 ms
::1 - GET /login HTTP/1.1 200 1644 - 243.404 ms
::1 - GET / HTTP/1.1 200 3904 - 3.560 ms
::1 - GET /public/css/index.css HTTP/1.1 200 4984 - 3.880 ms
::1 - GET /login HTTP/1.1 200 1644 - 24.806 ms
::1 - POST /login HTTP/1.1 302 62 - 26.556 ms
::1 - GET /aggiungi HTTP/1.1 200 10730 - 67.394 ms
::1 - GET / HTTP/1.1 304 - - 1.897 ms
::1 - GET /public/css/index.css HTTP/1.1 304 - - 3.559 ms
::1 - GET /login HTTP/1.1 200 1644 - 23.671 ms
::1 - POST /login HTTP/1.1 302 62 - 4.985 ms
::1 - GET /aggiungi HTTP/1.1 200 10730 - 50.428 ms
::1 - POST /aggiungi HTTP/1.1 401 13 - 1.787 ms
::1 - GET / HTTP/1.1 304 - - 1.810 ms
::1 - GET /public/css/index.css HTTP/1.1 304 - - 1.544 ms
::1 - GET /login HTTP/1.1 200 1644 - 21.344 ms
::1 - POST /login HTTP/1.1 302 62 - 4.019 ms
::1 - GET /aggiungi HTTP/1.1 304 - - 42.390 ms
::1 - POST /aggiungi HTTP/1.1 500 1486 - 3.788 ms
::1 - GET / HTTP/1.1 304 - - 10.939 ms
::1 - GET /public/css/index.css HTTP/1.1 304 - - 3.313 ms
::1 - GET /login HTTP/1.1 200 1644 - 246.829 ms
::1 - POST /login HTTP/1.1 302 62 - 21.426 ms
::1 - GET /aggiungi HTTP/1.1 200 10724 - 72.998 ms
::1 - POST /aggiungi HTTP/1.1 - - - - ms
::1 - POST /aggiungi HTTP/1.1 401 13 - 22.734 ms
::1 - POST /login HTTP/1.1 302 62 - 27.244 ms
::1 - GET /aggiungi HTTP/1.1 304 - - 263.967 ms
::1 - POST /aggiungi HTTP/1.1 - - - - ms
::1 - POST /aggiungi HTTP/1.1 - - - - ms
::1 - GET /aggiungi HTTP/1.1 401 13 - 9.048 ms
::1 - GET / HTTP/1.1 200 3904 - 7.219 ms
::1 - GET /public/css/index.css HTTP/1.1 200 4984 - 2.408 ms
::1 - GET /login HTTP/1.1 200 1644 - 265.375 ms
::1 - POST /login HTTP/1.1 302 62 - 21.988 ms
::1 - GET /aggiungi HTTP/1.1 200 10724 - 66.093 ms
::1 - POST /aggiungi HTTP/1.1 - - - - ms
::1 - GET /public/css/index.css HTTP/1.1 304 - - 2.854 ms
::1 - GET / HTTP/1.1 200 3917 - 2.431 ms
::1 - GET /public/css/index.css HTTP/1.1 200 4984 - 1.661 ms
::1 - GET /paese/DE HTTP/1.1 200 1673 - 36.352 ms
::1 - GET /aggiungi HTTP/1.1 401 13 - 0.795 ms
::1 - GET /public/css/index.css HTTP/1.1 304 - - 3.913 ms
::1 - GET / HTTP/1.1 200 3917 - 1.593 ms
::1 - GET /public/css/index.css HTTP/1.1 200 4984 - 2.078 ms
::1 - GET /paese/IT HTTP/1.1 200 1311 - 29.290 ms
::1 - GET / HTTP/1.1 200 3917 - 1.292 ms
::1 - GET /public/css/index.css HTTP/1.1 200 4984 - 3.926 ms
::1 - GET /login HTTP/1.1 200 1644 - 24.909 ms
::1 - POST /login HTTP/1.1 302 62 - 6.495 ms
::1 - GET /aggiungi HTTP/1.1 200 10724 - 49.602 ms
::1 - GET / HTTP/1.1 200 3917 - 12.279 ms
::1 - GET /public/css/index.css HTTP/1.1 200 4984 - 3.934 ms
::1 - GET /login HTTP/1.1 302 46 - 4.671 ms
::1 - GET / HTTP/1.1 200 3917 - 2.338 ms
::1 - GET /public/css/index.css HTTP/1.1 200 4984 - 2.826 ms
::1 - GET /login HTTP/1.1 302 46 - 1.689 ms
::1 - GET / HTTP/1.1 200 3917 - 1.381 ms
::1 - GET /public/css/index.css HTTP/1.1 200 4984 - 2.033 ms
::1 - GET / HTTP/1.1 200 3716 - 2.843 ms
::1 - GET /public/css/index.css HTTP/1.1 200 4984 - 2.282 ms
::1 - GET /login HTTP/1.1 302 46 - 1.215 ms
::1 - GET / HTTP/1.1 200 3716 - 1.941 ms
::1 - GET /public/css/index.css HTTP/1.1 200 4984 - 1.703 ms
::1 - GET /login HTTP/1.1 302 46 - 1.470 ms
::1 - GET / HTTP/1.1 200 3716 - 1.565 ms
::1 - GET /public/css/index.css HTTP/1.1 200 4984 - 1.361 ms
::1 - GET /login HTTP/1.1 302 46 - 0.796 ms
::1 - GET / HTTP/1.1 200 3716 - 1.935 ms
::1 - GET /public/css/index.css HTTP/1.1 200 4984 - 3.298 ms
::1 - GET / HTTP/1.1 200 3716 - 1.384 ms
::1 - GET /public/css/index.css HTTP/1.1 200 4984 - 2.730 ms
::1 - GET / HTTP/1.1 304 - - 1.461 ms
::1 - GET /public/css/index.css HTTP/1.1 304 - - 0.938 ms
::1 - GET /login HTTP/1.1 302 46 - 0.729 ms
::1 - GET / HTTP/1.1 304 - - 1.303 ms
::1 - GET /public/css/index.css HTTP/1.1 304 - - 1.571 ms
::1 - GET /login HTTP/1.1 302 46 - 0.847 ms
::1 - GET / HTTP/1.1 304 - - 1.370 ms
::1 - GET /public/css/index.css HTTP/1.1 304 - - 0.860 ms
::1 - GET /login HTTP/1.1 302 46 - 0.731 ms
::1 - GET / HTTP/1.1 304 - - 1.353 ms
::1 - GET /public/css/index.css HTTP/1.1 304 - - 0.829 ms
::1 - GET /login HTTP/1.1 302 46 - 0.716 ms
::1 - GET / HTTP/1.1 304 - - 1.211 ms
::1 - GET /public/css/index.css HTTP/1.1 304 - - 0.779 ms
::1 - GET /login HTTP/1.1 302 46 - 1.259 ms
::1 - GET / HTTP/1.1 304 - - 1.045 ms
::1 - GET /public/css/index.css HTTP/1.1 304 - - 1.009 ms
::1 - GET /login HTTP/1.1 302 46 - 0.774 ms
::1 - GET / HTTP/1.1 304 - - 1.167 ms
::1 - GET /public/css/index.css HTTP/1.1 304 - - 1.709 ms
::1 - GET /public/css/index.css HTTP/1.1 304 - - 2.559 ms
::1 - GET /login HTTP/1.1 302 46 - 0.684 ms
::1 - GET / HTTP/1.1 200 3716 - 1.994 ms
::1 - GET /public/css/index.css HTTP/1.1 200 4984 - 1.296 ms
::1 - GET /fiabe HTTP/1.1 404 144 - 1.564 ms
::1 - GET /public/css/index.css HTTP/1.1 304 - - 3.826 ms
::1 - GET /login HTTP/1.1 302 46 - 0.877 ms
::1 - GET / HTTP/1.1 200 3716 - 1.447 ms
::1 - GET /public/css/index.css HTTP/1.1 200 4984 - 2.434 ms
::1 - GET / HTTP/1.1 200 3716 - 10.270 ms
::1 - GET /public/css/index.css HTTP/1.1 200 4984 - 5.592 ms
::1 - GET /login HTTP/1.1 200 1644 - 230.852 ms
::1 - POST /login HTTP/1.1 302 46 - 23.343 ms
::1 - GET / HTTP/1.1 200 3716 - 1.315 ms
::1 - GET /public/css/index.css HTTP/1.1 200 4984 - 5.806 ms
::1 - GET /paese/DE HTTP/1.1 200 1673 - 41.278 ms
::1 - GET /fiaba/2 HTTP/1.1 404 146 - 1.592 ms
::1 - GET /fiaba/2 HTTP/1.1 404 146 - 1.140 ms
::1 - GET /fiaba/2 HTTP/1.1 - - - - ms
::1 - GET /public/css/index.css HTTP/1.1 304 - - 7.940 ms
::1 - GET /paese/DE HTTP/1.1 200 1673 - 238.756 ms
::1 - GET /fiaba/2 HTTP/1.1 - - - - ms
::1 - GET /fiaba/2 HTTP/1.1 - - - - ms
::1 - GET /fiaba/2 HTTP/1.1 200 1242 - 231.112 ms
::1 - GET /fiaba/2 HTTP/1.1 200 1242 - 26.280 ms
::1 - GET /fiaba/2 HTTP/1.1 200 1266 - 231.664 ms
::1 - GET /fiaba/2 HTTP/1.1 200 2017 - 31.467 ms
::1 - GET /fiaba/2 HTTP/1.1 200 2059 - 28.216 ms
::1 - GET / HTTP/1.1 200 3716 - 4.821 ms
::1 - GET /public/css/index.css HTTP/1.1 200 4984 - 3.689 ms
::1 - GET /paese/IT HTTP/1.1 200 1311 - 37.492 ms
::1 - GET /aggiungi HTTP/1.1 401 13 - 1.253 ms
::1 - GET / HTTP/1.1 200 3716 - 1.185 ms
::1 - GET /public/css/index.css HTTP/1.1 200 4984 - 2.317 ms
::1 - GET /login HTTP/1.1 200 1644 - 25.810 ms
::1 - POST /login HTTP/1.1 302 46 - 20.359 ms
::1 - GET / HTTP/1.1 200 3716 - 1.535 ms
::1 - GET /public/css/index.css HTTP/1.1 200 4984 - 6.109 ms
::1 - GET /paese/IT HTTP/1.1 200 1311 - 23.990 ms
::1 - GET /aggiungi HTTP/1.1 200 10724 - 49.792 ms
::1 - GET / HTTP/1.1 200 3716 - 1.218 ms
::1 - GET /public/css/index.css HTTP/1.1 200 4984 - 3.700 ms
::1 - GET /fiabe HTTP/1.1 404 144 - 1.612 ms
::1 - GET / HTTP/1.1 200 3716 - 10.740 ms
::1 - GET /public/css/index.css HTTP/1.1 200 4984 - 4.334 ms
::1 - GET /fiabe HTTP/1.1 404 144 - 3.487 ms
::1 - GET /public/css/index.css HTTP/1.1 304 - - 5.875 ms
::1 - GET / HTTP/1.1 200 3716 - 1.527 ms
::1 - GET /public/css/index.css HTTP/1.1 200 4984 - 3.484 ms
::1 - GET /paese HTTP/1.1 - - - - ms
::1 - GET /paese HTTP/1.1 - - - - ms
::1 - GET /paese HTTP/1.1 - - - - ms
::1 - GET /paese HTTP/1.1 - - - - ms
::1 - GET /paese HTTP/1.1 - - - - ms
::1 - GET /paese HTTP/1.1 - - - - ms
::1 - GET / HTTP/1.1 200 3717 - 2.374 ms
::1 - GET /public/css/index.css HTTP/1.1 200 4984 - 2.137 ms
::1 - GET /paese/ HTTP/1.1 - - - - ms
::1 - GET /paese/ HTTP/1.1 - - - - ms
::1 - GET /paese/ HTTP/1.1 - - - - ms
::1 - GET /paese/ HTTP/1.1 - - - - ms
::1 - GET /paese/ HTTP/1.1 - - - - ms
::1 - GET /paese/ HTTP/1.1 - - - - ms
::1 - GET /paese/ HTTP/1.1 - - - - ms
::1 - GET /paese/ HTTP/1.1 200 3407 - 251.611 ms
::1 - GET / HTTP/1.1 200 3717 - 16.523 ms
::1 - GET /public/css/index.css HTTP/1.1 200 4984 - 5.301 ms
::1 - GET /favicon.ico HTTP/1.1 302 38 - 11.168 ms
::1 - GET /public/404.html HTTP/1.1 200 743 - 7.422 ms
::1 - GET /login HTTP/1.1 200 1644 - 818.629 ms
::1 - GET /favicon.ico HTTP/1.1 302 38 - 2.431 ms
::1 - GET /public/404.html HTTP/1.1 304 - - 2.230 ms
::1 - GET /signup HTTP/1.1 200 1823 - 49.897 ms
::1 - GET /favicon.ico HTTP/1.1 302 38 - 2.779 ms
::1 - GET /public/404.html HTTP/1.1 304 - - 6.714 ms
::1 - POST /signup HTTP/1.1 302 46 - 55.881 ms
::1 - GET / HTTP/1.1 304 - - 2.084 ms
::1 - GET /public/css/index.css HTTP/1.1 304 - - 5.387 ms
::1 - GET /favicon.ico HTTP/1.1 302 38 - 2.039 ms
::1 - GET /public/404.html HTTP/1.1 304 - - 1.649 ms
::1 - GET /paese/ HTTP/1.1 200 2979 - 271.791 ms
::1 - GET /favicon.ico HTTP/1.1 302 38 - 1.917 ms
::1 - GET /public/404.html HTTP/1.1 304 - - 1.628 ms
::1 - GET /favicon.ico HTTP/1.1 302 38 - 1.710 ms
::1 - GET /public/404.html HTTP/1.1 304 - - 1.791 ms
::1 - GET / HTTP/1.1 304 - - 13.715 ms
::1 - GET /public/css/index.css HTTP/1.1 304 - - 4.679 ms
::1 - GET /favicon.ico HTTP/1.1 302 38 - 10.324 ms
::1 - GET /public/404.html HTTP/1.1 304 - - 1.678 ms
::1 - GET /favicon.ico HTTP/1.1 302 38 - 24.737 ms
::1 - GET /public/404.html HTTP/1.1 304 - - 16.190 ms
::1 - GET / HTTP/1.1 304 - - 18.510 ms
::1 - GET /public/css/index.css HTTP/1.1 304 - - 14.357 ms
::1 - GET /favicon.ico HTTP/1.1 302 38 - 12.291 ms
::1 - GET /public/404.html HTTP/1.1 304 - - 2.896 ms
::1 - GET /paese/DE HTTP/1.1 200 1673 - 522.487 ms
::1 - GET /favicon.ico HTTP/1.1 302 38 - 10.953 ms
::1 - GET /public/404.html HTTP/1.1 304 - - 5.511 ms
::1 - GET / HTTP/1.1 304 - - 4.717 ms
::1 - GET /public/css/index.css HTTP/1.1 304 - - 6.659 ms
::1 - GET /favicon.ico HTTP/1.1 302 38 - 3.986 ms
::1 - GET /public/404.html HTTP/1.1 304 - - 1.489 ms
::1 - GET /paese/DE HTTP/1.1 304 - - 95.009 ms
::1 - GET /favicon.ico HTTP/1.1 302 38 - 4.134 ms
::1 - GET /public/404.html HTTP/1.1 304 - - 1.600 ms
::1 - GET /fiaba/2 HTTP/1.1 200 2059 - 62.324 ms
::1 - GET /favicon.ico HTTP/1.1 302 38 - 1.308 ms
::1 - GET /public/404.html HTTP/1.1 304 - - 1.347 ms
::1 - GET /aggiungi HTTP/1.1 401 13 - 1.581 ms
::1 - GET /favicon.ico HTTP/1.1 302 38 - 1.751 ms
::1 - GET /public/404.html HTTP/1.1 304 - - 7.061 ms
::1 - GET /favicon.ico HTTP/1.1 302 38 - 1.506 ms
::1 - GET /public/404.html HTTP/1.1 304 - - 1.773 ms
::1 - GET /favicon.ico HTTP/1.1 302 38 - 1.484 ms
::1 - GET /public/404.html HTTP/1.1 304 - - 8.123 ms
::1 - GET / HTTP/1.1 304 - - 1.978 ms
::1 - GET /public/css/index.css HTTP/1.1 304 - - 1.649 ms
::1 - GET /favicon.ico HTTP/1.1 302 38 - 2.184 ms
::1 - GET /public/404.html HTTP/1.1 304 - - 1.387 ms
::1 - GET /login HTTP/1.1 304 - - 102.046 ms
::1 - GET /favicon.ico HTTP/1.1 302 38 - 1.410 ms
::1 - GET /public/404.html HTTP/1.1 304 - - 1.340 ms
::1 - POST /login HTTP/1.1 302 46 - 54.591 ms
::1 - GET / HTTP/1.1 304 - - 3.140 ms
::1 - GET /public/css/index.css HTTP/1.1 304 - - 1.400 ms
::1 - GET /favicon.ico HTTP/1.1 302 38 - 1.741 ms
::1 - GET /public/404.html HTTP/1.1 304 - - 9.594 ms
::1 - GET /paese/ES HTTP/1.1 200 1128 - 36.467 ms
::1 - GET /favicon.ico HTTP/1.1 302 38 - 1.650 ms
::1 - GET /public/404.html HTTP/1.1 304 - - 1.644 ms
::1 - GET /aggiungi HTTP/1.1 200 10724 - 104.281 ms
::1 - GET /favicon.ico HTTP/1.1 302 38 - 2.149 ms
::1 - GET /public/404.html HTTP/1.1 304 - - 1.487 ms
::1 - POST /aggiungi HTTP/1.1 401 13 - 12.358 ms
::1 - GET /favicon.ico HTTP/1.1 302 38 - 2.337 ms
::1 - GET /public/404.html HTTP/1.1 304 - - 1.417 ms
::1 - GET /favicon.ico HTTP/1.1 302 38 - 2.118 ms
::1 - GET /public/404.html HTTP/1.1 304 - - 1.821 ms
::1 - GET /favicon.ico HTTP/1.1 302 38 - 2.344 ms
::1 - GET /public/404.html HTTP/1.1 304 - - 1.471 ms
::1 - GET /favicon.ico HTTP/1.1 302 38 - 1.873 ms
::1 - GET /public/404.html HTTP/1.1 304 - - 1.388 ms
::1 - GET /favicon.ico HTTP/1.1 302 38 - 1.643 ms
::1 - GET /public/404.html HTTP/1.1 304 - - 2.324 ms
::1 - GET /login HTTP/1.1 200 1644 - 36.909 ms
::1 - GET /favicon.ico HTTP/1.1 302 38 - 1.135 ms
::1 - GET /public/404.html HTTP/1.1 304 - - 1.970 ms
::1 - GET /login HTTP/1.1 304 - - 553.418 ms
::1 - GET /favicon.ico HTTP/1.1 302 38 - 10.209 ms
::1 - GET /public/404.html HTTP/1.1 304 - - 3.740 ms
::1 - POST /login HTTP/1.1 302 46 - 47.551 ms
::1 - GET / HTTP/1.1 304 - - 8.002 ms
::1 - GET /public/css/index.css HTTP/1.1 304 - - 2.370 ms
::1 - GET /favicon.ico HTTP/1.1 302 38 - 7.072 ms
::1 - GET /public/404.html HTTP/1.1 304 - - 3.039 ms
::1 - GET /paese/ HTTP/1.1 304 - - 278.561 ms
::1 - GET /favicon.ico HTTP/1.1 302 38 - 5.213 ms
::1 - GET /public/404.html HTTP/1.1 304 - - 2.117 ms
::1 - GET /aggiungi HTTP/1.1 304 - - 216.956 ms
::1 - GET /favicon.ico HTTP/1.1 302 38 - 4.059 ms
::1 - GET /public/404.html HTTP/1.1 304 - - 1.614 ms
::1 - POST /aggiungi HTTP/1.1 - - - - ms
::1 - POST /aggiungi HTTP/1.1 - - - - ms
::1 - POST /aggiungi HTTP/1.1 - - - - ms
::1 - GET /favicon.ico HTTP/1.1 302 38 - 3.647 ms
::1 - GET /public/404.html HTTP/1.1 304 - - 2.084 ms
::1 - GET /favicon.ico HTTP/1.1 302 38 - 2.045 ms
::1 - GET /public/404.html HTTP/1.1 304 - - 18.545 ms
::1 - GET /paese/AL HTTP/1.1 200 1264 - 75.760 ms
::1 - GET /favicon.ico HTTP/1.1 302 38 - 1.549 ms
::1 - GET /public/404.html HTTP/1.1 304 - - 1.665 ms
::1 - GET /fiaba/11 HTTP/1.1 200 1278 - 70.821 ms
::1 - GET /favicon.ico HTTP/1.1 302 38 - 3.835 ms
::1 - GET /public/404.html HTTP/1.1 304 - - 1.663 ms
::1 - GET /favicon.ico HTTP/1.1 302 38 - 6.557 ms
::1 - GET /public/404.html HTTP/1.1 304 - - 1.545 ms
::1 - GET /favicon.ico HTTP/1.1 302 38 - 1.307 ms
::1 - GET /public/404.html HTTP/1.1 304 - - 4.037 ms
::1 - GET /favicon.ico HTTP/1.1 302 38 - 1.721 ms
::1 - GET /public/404.html HTTP/1.1 304 - - 2.309 ms
::1 - GET /paese/ HTTP/1.1 200 3183 - 51.614 ms
::1 - GET /favicon.ico HTTP/1.1 302 38 - 1.390 ms
::1 - GET /public/404.html HTTP/1.1 304 - - 1.500 ms
::1 - GET /favicon.ico HTTP/1.1 302 38 - 1.444 ms
::1 - GET /public/404.html HTTP/1.1 304 - - 2.218 ms
::1 - GET /paese/ HTTP/1.1 304 - - 71.096 ms
::1 - GET /favicon.ico HTTP/1.1 302 38 - 1.125 ms
::1 - GET /public/404.html HTTP/1.1 304 - - 1.297 ms
::1 - GET /fiaba/1 HTTP/1.1 200 2373 - 30.633 ms
::1 - GET /favicon.ico HTTP/1.1 302 38 - 1.470 ms
::1 - GET /public/404.html HTTP/1.1 304 - - 1.277 ms
::1 - GET /favicon.ico HTTP/1.1 302 38 - 1.272 ms
::1 - GET /public/404.html HTTP/1.1 304 - - 1.169 ms
::1 - GET /favicon.ico HTTP/1.1 302 38 - 1.427 ms
::1 - GET /public/404.html HTTP/1.1 304 - - 1.627 ms
::1 - GET /vgyu HTTP/1.1 302 76 - 1.372 ms
::1 - GET /public/404.html HTTP/1.1 304 - - 1.246 ms
::1 - GET /public/img/reading-bear.png HTTP/1.1 200 1341236 - 3.826 ms
::1 - GET /favicon.ico HTTP/1.1 302 38 - 2.262 ms
::1 - GET /public/404.html HTTP/1.1 304 - - 1.672 ms
